IP: ::1, URL: http://localhost:3000/_next/static/webpack/be1e00a9707dc2c7.webpack.hot-update.json
IP: ::1, URL: http://localhost:3000/
IP: ::1, URL: http://localhost:3000/_next/static/webpack/webpack.be1e00a9707dc2c7.hot-update.js
IP: ::1, URL: http://localhost:3000/_next/static/webpack/app/layout.be1e00a9707dc2c7.hot-update.js
IP: ::1, URL: http://localhost:3000/_next/static/css/app/layout.css?v=1720568309340
IP: ::1, URL: http://localhost:3000/
IP: ::1, URL: http://localhost:3000/_next/static/css/app/layout.css?v=1720568434392
IP: ::1, URL: http://localhost:3000/_next/static/chunks/webpack.js?v=1720568434392
IP: ::1, URL: http://localhost:3000/_next/static/chunks/app/layout.js
IP: ::1, URL: http://localhost:3000/_next/static/chunks/main-app.js?v=1720568434392
IP: ::1, URL: http://localhost:3000/_next/static/chunks/app/page.js
IP: ::1, URL: http://localhost:3000/_next/static/chunks/app-pages-internals.js
IP: ::1, URL: http://localhost:3000/favicon.ico
IP: ::1, URL: http://localhost:3000/results?searchterm=r1cefarm&timestamp=1720565976215
IP: ::1, URL: http://localhost:3000/
IP: ::1, URL: http://localhost:3000/_next/static/webpack/cd3b7af75eb652a2.webpack.hot-update.json
IP: ::1, URL: http://localhost:3000/_next/static/css/app/layout.css?v=1720568854889
IP: ::1, URL: http://localhost:3000/_next/static/chunks/webpack.js?v=1720568854889
IP: ::1, URL: http://localhost:3000/_next/static/chunks/main-app.js?v=1720568854889
IP: ::1, URL: http://localhost:3000/_next/static/chunks/app-pages-internals.js
IP: ::1, URL: http://localhost:3000/_next/static/chunks/app/results/page.js
IP: ::1, URL: http://localhost:3000/_next/static/chunks/app/layout.js
IP: ::1, URL: http://localhost:3000/_next/static/webpack/webpack.cd3b7af75eb652a2.hot-update.js
IP: ::1, URL: http://localhost:3000/
IP: ::1, URL: http://localhost:3000/_next/static/css/app/layout.css?v=1720568855527
IP: ::1, URL: http://localhost:3000/favicon.ico
IP: ::1, URL: http://localhost:3000/results?searchterm=r1cefarm&timestamp=1720565976215
IP: ::1, URL: http://localhost:3000/_next/static/css/app/layout.css?v=1720569064350
IP: ::1, URL: http://localhost:3000/_next/static/chunks/app-pages-internals.js
IP: ::1, URL: http://localhost:3000/_next/static/chunks/app/results/page.js
IP: ::1, URL: http://localhost:3000/_next/static/chunks/webpack.js?v=1720569064350
IP: ::1, URL: http://localhost:3000/_next/static/chunks/main-app.js?v=1720569064350
IP: ::1, URL: http://localhost:3000/_next/static/chunks/app/layout.js
IP: ::1, URL: http://localhost:3000/favicon.ico
